#                  1|                   2|
#               time|             r  1  2|
              0.0000               2.3598 
              1.0000               2.3611 
              2.0000               2.3636 
              3.0000               2.3673 
              4.0000               2.3722 
              5.0000               2.3784 
              6.0000               2.3857 
              7.0000               2.3941 
              8.0000               2.4037 
              9.0000               2.4143 
             10.0000               2.4260 
             11.0000               2.4386 
             12.0000               2.4522 
             13.0000               2.4667 
             14.0000               2.4820 
             15.0000               2.4982 
             16.0000               2.5151 
             17.0000               2.5327 
             18.0000               2.5509 
             19.0000               2.5697 
             20.0000               2.5891 
             21.0000               2.6091 
             22.0000               2.6295 
             23.0000               2.6503 
             24.0000               2.6715 
             25.0000               2.6930 
             26.0000               2.7149 
             27.0000               2.7371 
             28.0000               2.7596 
             29.0000               2.7823 
             30.0000               2.8052 
             31.0000               2.8283 
             32.0000               2.8516 
             33.0000               2.8750 
             34.0000               2.8986 
             35.0000               2.9223 
             36.0000               2.9462 
             37.0000               2.9701 
             38.0000               2.9941 
             39.0000               3.0182 
             40.0000               3.0424 
             41.0000               3.0667 
             42.0000               3.0910 
             43.0000               3.1154 
             44.0000               3.1398 
             45.0000               3.1643 
             46.0000               3.1888 
             47.0000               3.2134 
             48.0000               3.2380 
             49.0000               3.2626 
             50.0000               3.2873 
             51.0000               3.3120 
             52.0000               3.3368 
             53.0000               3.3616 
             54.0000               3.3864 
             55.0000               3.4112 
             56.0000               3.4361 
             57.0000               3.4610 
             58.0000               3.4859 
             59.0000               3.5108 
             60.0000               3.5358 
             61.0000               3.5608 
             62.0000               3.5858 
             63.0000               3.6109 
             64.0000               3.6360 
             65.0000               3.6611 
             66.0000               3.6862 
             67.0000               3.7114 
             68.0000               3.7366 
             69.0000               3.7618 
             70.0000               3.7871 
             71.0000               3.8124 
             72.0000               3.8377 
             73.0000               3.8631 
             74.0000               3.8885 
             75.0000               3.9140 
             76.0000               3.9394 
             77.0000               3.9649 
             78.0000               3.9905 
             79.0000               4.0160 
             80.0000               4.0416 
             81.0000               4.0673 
             82.0000               4.0929 
             83.0000               4.1186 
             84.0000               4.1444 
             85.0000               4.1702 
             86.0000               4.1960 
             87.0000               4.2219 
             88.0000               4.2478 
             89.0000               4.2737 
             90.0000               4.2997 
             91.0000               4.3257 
             92.0000               4.3518 
             93.0000               4.3779 
             94.0000               4.4040 
             95.0000               4.4302 
             96.0000               4.4565 
             97.0000               4.4827 
             98.0000               4.5090 
             99.0000               4.5354 
            100.0000               4.5618 
            101.0000               4.5882 
            102.0000               4.6147 
            103.0000               4.6412 
            104.0000               4.6678 
            105.0000               4.6944 
            106.0000               4.7210 
            107.0000               4.7477 
            108.0000               4.7744 
            109.0000               4.8012 
            110.0000               4.8280 
            111.0000               4.8548 
            112.0000               4.8817 
            113.0000               4.9086 
            114.0000               4.9356 
            115.0000               4.9626 
            116.0000               4.9896 
            117.0000               5.0167 
            118.0000               5.0438 
            119.0000               5.0709 
            120.0000               5.0981 
            121.0000               5.1253 
            122.0000               5.1526 
            123.0000               5.1798 
            124.0000               5.2072 
            125.0000               5.2345 
            126.0000               5.2619 
            127.0000               5.2893 
            128.0000               5.3167 
            129.0000               5.3442 
            130.0000               5.3717 
            131.0000               5.3992 
            132.0000               5.4268 
            133.0000               5.4544 
            134.0000               5.4820 
            135.0000               5.5097 
            136.0000               5.5373 
            137.0000               5.5650 
            138.0000               5.5928 
            139.0000               5.6205 
            140.0000               5.6483 
            141.0000               5.6761 
            142.0000               5.7039 
            143.0000               5.7318 
            144.0000               5.7597 
            145.0000               5.7876 
            146.0000               5.8155 
            147.0000               5.8434 
            148.0000               5.8714 
            149.0000               5.8994 
            150.0000               5.9274 
            151.0000               5.9554 
            152.0000               5.9834 
            153.0000               6.0115 
            154.0000               6.0396 
            155.0000               6.0677 
            156.0000               6.0958 
            157.0000               6.1239 
            158.0000               6.1520 
            159.0000               6.1802 
            160.0000               6.2084 
            161.0000               6.2365 
            162.0000               6.2647 
            163.0000               6.2930 
            164.0000               6.3212 
            165.0000               6.3494 
            166.0000               6.3777 
            167.0000               6.4059 
            168.0000               6.4342 
            169.0000               6.4625 
            170.0000               6.4908 
            171.0000               6.5191 
            172.0000               6.5474 
            173.0000               6.5758 
            174.0000               6.6041 
            175.0000               6.6324 
            176.0000               6.6608 
            177.0000               6.6892 
            178.0000               6.7175 
            179.0000               6.7459 
            180.0000               6.7743 
            181.0000               6.8027 
            182.0000               6.8311 
            183.0000               6.8595 
            184.0000               6.8879 
            185.0000               6.9164 
            186.0000               6.9448 
            187.0000               6.9732 
            188.0000               7.0017 
            189.0000               7.0301 
            190.0000               7.0586 
            191.0000               7.0871 
            192.0000               7.1155 
            193.0000               7.1440 
            194.0000               7.1725 
            195.0000               7.2009 
            196.0000               7.2294 
            197.0000               7.2579 
            198.0000               7.2864 
            199.0000               7.3149 
            200.0000               7.3434 
            201.0000               7.3719 
            202.0000               7.4004 
            203.0000               7.4289 
            204.0000               7.4574 
            205.0000               7.4860 
            206.0000               7.5145 
            207.0000               7.5430 
            208.0000               7.5715 
            209.0000               7.6001 
            210.0000               7.6286 
            211.0000               7.6571 
            212.0000               7.6857 
            213.0000               7.7142 
            214.0000               7.7427 
            215.0000               7.7713 
            216.0000               7.7998 
            217.0000               7.8284 
            218.0000               7.8569 
            219.0000               7.8855 
            220.0000               7.9140 
            221.0000               7.9426 
            222.0000               7.9711 
            223.0000               7.9997 
            224.0000               8.0282 
            225.0000               8.0568 
            226.0000               8.0853 
            227.0000               8.1139 
            228.0000               8.1425 
            229.0000               8.1710 
            230.0000               8.1996 
            231.0000               8.2282 
            232.0000               8.2567 
            233.0000               8.2853 
            234.0000               8.3139 
            235.0000               8.3424 
            236.0000               8.3710 
            237.0000               8.3996 
            238.0000               8.4281 
            239.0000               8.4567 
            240.0000               8.4853 
            241.0000               8.5138 
            242.0000               8.5424 
            243.0000               8.5710 
            244.0000               8.5995 
            245.0000               8.6281 
            246.0000               8.6567 
            247.0000               8.6853 
            248.0000               8.7138 
            249.0000               8.7424 
            250.0000               8.7710 
            251.0000               8.7996 
            252.0000               8.8281 
            253.0000               8.8567 
            254.0000               8.8853 
            255.0000               8.9138 
            256.0000               8.9424 
            257.0000               8.9710 
            258.0000               8.9996 
            259.0000               9.0281 
            260.0000               9.0567 
            261.0000               9.0853 
            262.0000               9.1139 
            263.0000               9.1424 
            264.0000               9.1710 
            265.0000               9.1996 
            266.0000               9.2282 
            267.0000               9.2567 
            268.0000               9.2853 
            269.0000               9.3139 
            270.0000               9.3425 
            271.0000               9.3710 
            272.0000               9.3996 
            273.0000               9.4282 
            274.0000               9.4568 
            275.0000               9.4853 
            276.0000               9.5139 
            277.0000               9.5425 
            278.0000               9.5711 
            279.0000               9.5996 
            280.0000               9.6282 
            281.0000               9.6568 
            282.0000               9.6854 
            283.0000               9.7139 
            284.0000               9.7425 
            285.0000               9.7711 
            286.0000               9.7997 
            287.0000               9.8282 
            288.0000               9.8568 
            289.0000               9.8854 
            290.0000               9.9140 
            291.0000               9.9425 
            292.0000               9.9711 
            293.0000               9.9997 
            294.0000              10.0282 
            295.0000              10.0568 
            296.0000              10.0854 
            297.0000              10.1140 
            298.0000              10.1425 
            299.0000              10.1711 
            300.0000              10.1997 
            301.0000              10.2283 
            302.0000              10.2568 
            303.0000              10.2854 
            304.0000              10.3140 
            305.0000              10.3425 
            306.0000              10.3711 
            307.0000              10.3997 
            308.0000              10.4283 
            309.0000              10.4568 
            310.0000              10.4854 
            311.0000              10.5140 
            312.0000              10.5425 
            313.0000              10.5711 
            314.0000              10.5997 
            315.0000              10.6283 
            316.0000              10.6568 
            317.0000              10.6854 
            318.0000              10.7140 
            319.0000              10.7425 
            320.0000              10.7711 
            321.0000              10.7997 
            322.0000              10.8282 
            323.0000              10.8568 
            324.0000              10.8854 
            325.0000              10.9140 
            326.0000              10.9425 
            327.0000              10.9711 
            328.0000              10.9997 
            329.0000              11.0282 
            330.0000              11.0568 
            331.0000              11.0854 
            332.0000              11.1140 
            333.0000              11.1425 
            334.0000              11.1711 
            335.0000              11.1997 
            336.0000              11.2282 
            337.0000              11.2568 
            338.0000              11.2854 
            339.0000              11.3139 
            340.0000              11.3425 
            341.0000              11.3711 
            342.0000              11.3996 
            343.0000              11.4282 
            344.0000              11.4568 
            345.0000              11.4854 
            346.0000              11.5139 
            347.0000              11.5425 
            348.0000              11.5711 
            349.0000              11.5996 
            350.0000              11.6282 
            351.0000              11.6568 
            352.0000              11.6853 
            353.0000              11.7139 
            354.0000              11.7425 
            355.0000              11.7710 
            356.0000              11.7996 
            357.0000              11.8282 
            358.0000              11.8568 
            359.0000              11.8853 
            360.0000              11.9139 
            361.0000              11.9425 
            362.0000              11.9710 
            363.0000              11.9996 
            364.0000              12.0282 
            365.0000              12.0567 
            366.0000              12.0853 
            367.0000              12.1139 
            368.0000              12.1424 
            369.0000              12.1710 
            370.0000              12.1996 
            371.0000              12.2281 
            372.0000              12.2567 
            373.0000              12.2853 
            374.0000              12.3138 
            375.0000              12.3424 
            376.0000              12.3710 
            377.0000              12.3996 
            378.0000              12.4281 
            379.0000              12.4567 
            380.0000              12.4853 
            381.0000              12.5138 
            382.0000              12.5424 
            383.0000              12.5710 
            384.0000              12.5995 
            385.0000              12.6281 
            386.0000              12.6567 
            387.0000              12.6852 
            388.0000              12.7138 
            389.0000              12.7424 
            390.0000              12.7709 
            391.0000              12.7995 
            392.0000              12.8281 
            393.0000              12.8566 
            394.0000              12.8852 
            395.0000              12.9138 
            396.0000              12.9424 
            397.0000              12.9709 
            398.0000              12.9995 
            399.0000              13.0281 
            400.0000              13.0566 
